<?xml version="1.0" encoding="UTF-8"?>
<testng-results ignored="0" total="4" passed="3" failed="1" skipped="0">
  <reporter-output>
  </reporter-output>
  <suite started-at="2023-09-02T13:01:29 IST" name="lister suite" finished-at="2023-09-02T13:02:14 IST" duration-ms="44702">
    <groups>
    </groups>
    <test started-at="2023-09-02T13:01:29 IST" name="listioner test" finished-at="2023-09-02T13:02:14 IST" duration-ms="44702">
      <class name="sudodemo.FirstTest">
        <test-method is-config="true" signature="launchchrome()[pri:0, instance:sudodemo.FirstTest@676cf48]" started-at="2023-09-02T13:01:31 IST" name="launchchrome" finished-at="2023-09-02T13:01:36 IST" duration-ms="4902" status="PASS">
          <reporter-output>
          </reporter-output>
        </test-method> <!-- launchchrome -->
        <test-method signature="testone(java.lang.String,java.lang.String,java.lang.String,java.lang.String,java.lang.String)[pri:1, instance:sudodemo.FirstTest@676cf48]" started-at="2023-09-02T13:01:36 IST" name="testone" data-provider="testfile" finished-at="2023-09-02T13:01:46 IST" duration-ms="9971" status="PASS">
          <params>
            <param index="0">
              <value>
                <![CDATA[standard_user]]>
              </value>
            </param>
            <param index="1">
              <value>
                <![CDATA[secret_sauce]]>
              </value>
            </param>
            <param index="2">
              <value>
                <![CDATA[muthu]]>
              </value>
            </param>
            <param index="3">
              <value>
                <![CDATA[passone]]>
              </value>
            </param>
            <param index="4">
              <value>
                <![CDATA[545454]]>
              </value>
            </param>
          </params>
          <reporter-output>
          </reporter-output>
        </test-method> <!-- testone -->
        <test-method is-config="true" signature="teardown()[pri:0, instance:sudodemo.FirstTest@676cf48]" started-at="2023-09-02T13:01:46 IST" name="teardown" finished-at="2023-09-02T13:01:46 IST" duration-ms="294" status="PASS">
          <reporter-output>
          </reporter-output>
        </test-method> <!-- teardown -->
        <test-method is-config="true" signature="launchchrome()[pri:0, instance:sudodemo.FirstTest@676cf48]" started-at="2023-09-02T13:01:46 IST" name="launchchrome" finished-at="2023-09-02T13:01:49 IST" duration-ms="2371" status="PASS">
          <reporter-output>
          </reporter-output>
        </test-method> <!-- launchchrome -->
        <test-method signature="testone(java.lang.String,java.lang.String,java.lang.String,java.lang.String,java.lang.String)[pri:1, instance:sudodemo.FirstTest@676cf48]" started-at="2023-09-02T13:01:49 IST" name="testone" data-provider="testfile" finished-at="2023-09-02T13:01:58 IST" duration-ms="9236" status="PASS">
          <params>
            <param index="0">
              <value>
                <![CDATA[standard_user]]>
              </value>
            </param>
            <param index="1">
              <value>
                <![CDATA[secret_sauce]]>
              </value>
            </param>
            <param index="2">
              <value>
                <![CDATA[muthuone]]>
              </value>
            </param>
            <param index="3">
              <value>
                <![CDATA[passtwo]]>
              </value>
            </param>
            <param index="4">
              <value>
                <![CDATA[764555]]>
              </value>
            </param>
          </params>
          <reporter-output>
          </reporter-output>
        </test-method> <!-- testone -->
        <test-method is-config="true" signature="teardown()[pri:0, instance:sudodemo.FirstTest@676cf48]" started-at="2023-09-02T13:01:58 IST" name="teardown" finished-at="2023-09-02T13:01:58 IST" duration-ms="120" status="PASS">
          <reporter-output>
          </reporter-output>
        </test-method> <!-- teardown -->
        <test-method is-config="true" signature="launchchrome()[pri:0, instance:sudodemo.FirstTest@676cf48]" started-at="2023-09-02T13:01:58 IST" name="launchchrome" finished-at="2023-09-02T13:02:00 IST" duration-ms="2463" status="PASS">
          <reporter-output>
          </reporter-output>
        </test-method> <!-- launchchrome -->
        <test-method signature="testone(java.lang.String,java.lang.String,java.lang.String,java.lang.String,java.lang.String)[pri:1, instance:sudodemo.FirstTest@676cf48]" started-at="2023-09-02T13:02:00 IST" name="testone" data-provider="testfile" finished-at="2023-09-02T13:02:10 IST" duration-ms="9110" status="PASS">
          <params>
            <param index="0">
              <value>
                <![CDATA[standard_user]]>
              </value>
            </param>
            <param index="1">
              <value>
                <![CDATA[secret_sauce]]>
              </value>
            </param>
            <param index="2">
              <value>
                <![CDATA[muthutwo]]>
              </value>
            </param>
            <param index="3">
              <value>
                <![CDATA[passtree]]>
              </value>
            </param>
            <param index="4">
              <value>
                <![CDATA[342343]]>
              </value>
            </param>
          </params>
          <reporter-output>
          </reporter-output>
        </test-method> <!-- testone -->
        <test-method is-config="true" signature="teardown()[pri:0, instance:sudodemo.FirstTest@676cf48]" started-at="2023-09-02T13:02:10 IST" name="teardown" finished-at="2023-09-02T13:02:10 IST" duration-ms="269" status="PASS">
          <reporter-output>
          </reporter-output>
        </test-method> <!-- teardown -->
        <test-method is-config="true" signature="launchchrome()[pri:0, instance:sudodemo.FirstTest@676cf48]" started-at="2023-09-02T13:02:10 IST" name="launchchrome" finished-at="2023-09-02T13:02:13 IST" duration-ms="2736" status="PASS">
          <reporter-output>
          </reporter-output>
        </test-method> <!-- launchchrome -->
        <test-method signature="testtwo()[pri:2, instance:sudodemo.FirstTest@676cf48]" started-at="2023-09-02T13:02:13 IST" name="testtwo" finished-at="2023-09-02T13:02:14 IST" duration-ms="927" status="FAIL">
          <exception class="java.lang.AssertionError">
            <message>
              <![CDATA[null]]>
            </message>
            <full-stacktrace>
              <![CDATA[java.lang.AssertionError: null
at org.testng.Assert.fail(Assert.java:111)
at org.testng.Assert.fail(Assert.java:116)
at sudodemo.FirstTest.testtwo(FirstTest.java:48)
at java.base/jdk.internal.reflect.NativeMethodAccessorImpl.invoke0(Native Method)
at java.base/jdk.internal.reflect.NativeMethodAccessorImpl.invoke(NativeMethodAccessorImpl.java:77)
at java.base/jdk.internal.reflect.DelegatingMethodAccessorImpl.invoke(DelegatingMethodAccessorImpl.java:43)
at java.base/java.lang.reflect.Method.invoke(Method.java:568)
at org.testng.internal.invokers.MethodInvocationHelper.invokeMethod(MethodInvocationHelper.java:139)
at org.testng.internal.invokers.TestInvoker.invokeMethod(TestInvoker.java:664)
at org.testng.internal.invokers.TestInvoker.invokeTestMethod(TestInvoker.java:227)
at org.testng.internal.invokers.MethodRunner.runInSequence(MethodRunner.java:50)
at org.testng.internal.invokers.TestInvoker$MethodInvocationAgent.invoke(TestInvoker.java:957)
at org.testng.internal.invokers.TestInvoker.invokeTestMethods(TestInvoker.java:200)
at org.testng.internal.invokers.TestMethodWorker.invokeTestMethods(TestMethodWorker.java:148)
at org.testng.internal.invokers.TestMethodWorker.run(TestMethodWorker.java:128)
at java.base/java.util.ArrayList.forEach(ArrayList.java:1511)
at org.testng.TestRunner.privateRun(TestRunner.java:848)
at org.testng.TestRunner.run(TestRunner.java:621)
at org.testng.SuiteRunner.runTest(SuiteRunner.java:443)
at org.testng.SuiteRunner.runSequentially(SuiteRunner.java:437)
at org.testng.SuiteRunner.privateRun(SuiteRunner.java:397)
at org.testng.SuiteRunner.run(SuiteRunner.java:336)
at org.testng.SuiteRunnerWorker.runSuite(SuiteRunnerWorker.java:52)
at org.testng.SuiteRunnerWorker.run(SuiteRunnerWorker.java:95)
at org.testng.TestNG.runSuitesSequentially(TestNG.java:1280)
at org.testng.TestNG.runSuitesLocally(TestNG.java:1200)
at org.testng.TestNG.runSuites(TestNG.java:1114)
at org.testng.TestNG.run(TestNG.java:1082)
at org.testng.remote.AbstractRemoteTestNG.run(AbstractRemoteTestNG.java:115)
at org.testng.remote.RemoteTestNG.initAndRun(RemoteTestNG.java:251)
at org.testng.remote.RemoteTestNG.main(RemoteTestNG.java:77)
]]>
            </full-stacktrace>
          </exception> <!-- java.lang.AssertionError -->
          <reporter-output>
          </reporter-output>
        </test-method> <!-- testtwo -->
        <test-method is-config="true" signature="teardown()[pri:0, instance:sudodemo.FirstTest@676cf48]" started-at="2023-09-02T13:02:14 IST" name="teardown" finished-at="2023-09-02T13:02:14 IST" duration-ms="193" status="PASS">
          <reporter-output>
          </reporter-output>
        </test-method> <!-- teardown -->
      </class> <!-- sudodemo.FirstTest -->
    </test> <!-- listioner test -->
  </suite> <!-- lister suite -->
</testng-results>
